{"D:\\Springboard\\35 Express and Postgres\\35.1 Node-pg Introduction\\express-biztime\\app.js": {"path":"D:\\Springboard\\35 Express and Postgres\\35.1 Node-pg Introduction\\express-biztime\\app.js","statementMap":{"0":{"start":{"line":3,"column":16},"end":{"line":3,"column":34}},"1":{"start":{"line":4,"column":12},"end":{"line":4,"column":21}},"2":{"start":{"line":5,"column":21},"end":{"line":5,"column":46}},"3":{"start":{"line":7,"column":0},"end":{"line":7,"column":24}},"4":{"start":{"line":9,"column":17},"end":{"line":9,"column":46}},"5":{"start":{"line":10,"column":18},"end":{"line":10,"column":46}},"6":{"start":{"line":12,"column":0},"end":{"line":12,"column":32}},"7":{"start":{"line":13,"column":0},"end":{"line":13,"column":32}},"8":{"start":{"line":18,"column":0},"end":{"line":21,"column":3}},"9":{"start":{"line":19,"column":14},"end":{"line":19,"column":48}},"10":{"start":{"line":20,"column":2},"end":{"line":20,"column":19}},"11":{"start":{"line":25,"column":0},"end":{"line":34,"column":3}},"12":{"start":{"line":26,"column":2},"end":{"line":26,"column":32}},"13":{"start":{"line":28,"column":2},"end":{"line":33,"column":5}},"14":{"start":{"line":37,"column":0},"end":{"line":37,"column":21}}},"fnMap":{"0":{"name":"(anonymous_0)","decl":{"start":{"line":18,"column":8},"end":{"line":18,"column":9}},"loc":{"start":{"line":18,"column":33},"end":{"line":21,"column":1}},"line":18},"1":{"name":"(anonymous_1)","decl":{"start":{"line":25,"column":8},"end":{"line":25,"column":9}},"loc":{"start":{"line":25,"column":33},"end":{"line":34,"column":1}},"line":25}},"branchMap":{"0":{"loc":{"start":{"line":26,"column":13},"end":{"line":26,"column":30}},"type":"binary-expr","locations":[{"start":{"line":26,"column":13},"end":{"line":26,"column":23}},{"start":{"line":26,"column":27},"end":{"line":26,"column":30}}],"line":26}},"s":{"0":2,"1":2,"2":2,"3":2,"4":2,"5":2,"6":2,"7":2,"8":2,"9":2,"10":2,"11":2,"12":5,"13":5,"14":2},"f":{"0":2,"1":5},"b":{"0":[5,0]},"_coverageSchema":"1a1c01bbd47fc00a2c39e90264f33305004495a9","hash":"bce440322267512e6ef6c274bfd8d68b2c090feb"}
,"D:\\Springboard\\35 Express and Postgres\\35.1 Node-pg Introduction\\express-biztime\\db.js": {"path":"D:\\Springboard\\35 Express and Postgres\\35.1 Node-pg Introduction\\express-biztime\\db.js","statementMap":{"0":{"start":{"line":2,"column":19},"end":{"line":2,"column":32}},"1":{"start":{"line":4,"column":15},"end":{"line":6,"column":27}},"2":{"start":{"line":8,"column":9},"end":{"line":10,"column":2}},"3":{"start":{"line":12,"column":0},"end":{"line":12,"column":13}},"4":{"start":{"line":14,"column":0},"end":{"line":14,"column":20}}},"fnMap":{},"branchMap":{"0":{"loc":{"start":{"line":4,"column":15},"end":{"line":6,"column":27}},"type":"cond-expr","locations":[{"start":{"line":5,"column":4},"end":{"line":5,"column":32}},{"start":{"line":6,"column":4},"end":{"line":6,"column":27}}],"line":4}},"s":{"0":2,"1":2,"2":2,"3":2,"4":2},"f":{},"b":{"0":[2,0]},"_coverageSchema":"1a1c01bbd47fc00a2c39e90264f33305004495a9","hash":"f212c37851809a44e3111e93b09f75a6471b3671"}
,"D:\\Springboard\\35 Express and Postgres\\35.1 Node-pg Introduction\\express-biztime\\expressError.js": {"path":"D:\\Springboard\\35 Express and Postgres\\35.1 Node-pg Introduction\\express-biztime\\expressError.js","statementMap":{"0":{"start":{"line":9,"column":4},"end":{"line":9,"column":12}},"1":{"start":{"line":10,"column":4},"end":{"line":10,"column":27}},"2":{"start":{"line":11,"column":4},"end":{"line":11,"column":25}},"3":{"start":{"line":12,"column":4},"end":{"line":12,"column":30}},"4":{"start":{"line":17,"column":0},"end":{"line":17,"column":30}}},"fnMap":{"0":{"name":"(anonymous_0)","decl":{"start":{"line":8,"column":2},"end":{"line":8,"column":3}},"loc":{"start":{"line":8,"column":31},"end":{"line":13,"column":3}},"line":8}},"branchMap":{},"s":{"0":5,"1":5,"2":5,"3":5,"4":2},"f":{"0":5},"b":{},"_coverageSchema":"1a1c01bbd47fc00a2c39e90264f33305004495a9","hash":"11538551c134230581b03ce2d871688c16a0cc35"}
,"D:\\Springboard\\35 Express and Postgres\\35.1 Node-pg Introduction\\express-biztime\\routes\\companies.js": {"path":"D:\\Springboard\\35 Express and Postgres\\35.1 Node-pg Introduction\\express-biztime\\routes\\companies.js","statementMap":{"0":{"start":{"line":3,"column":16},"end":{"line":3,"column":34}},"1":{"start":{"line":4,"column":15},"end":{"line":4,"column":35}},"2":{"start":{"line":5,"column":16},"end":{"line":5,"column":34}},"3":{"start":{"line":7,"column":11},"end":{"line":7,"column":27}},"4":{"start":{"line":8,"column":21},"end":{"line":8,"column":47}},"5":{"start":{"line":10,"column":0},"end":{"line":17,"column":3}},"6":{"start":{"line":11,"column":4},"end":{"line":16,"column":5}},"7":{"start":{"line":12,"column":24},"end":{"line":12,"column":65}},"8":{"start":{"line":13,"column":8},"end":{"line":13,"column":52}},"9":{"start":{"line":15,"column":8},"end":{"line":15,"column":25}},"10":{"start":{"line":19,"column":0},"end":{"line":29,"column":3}},"11":{"start":{"line":20,"column":4},"end":{"line":28,"column":5}},"12":{"start":{"line":21,"column":25},"end":{"line":21,"column":35}},"13":{"start":{"line":22,"column":24},"end":{"line":22,"column":89}},"14":{"start":{"line":23,"column":8},"end":{"line":24,"column":101}},"15":{"start":{"line":24,"column":12},"end":{"line":24,"column":101}},"16":{"start":{"line":25,"column":8},"end":{"line":25,"column":54}},"17":{"start":{"line":27,"column":8},"end":{"line":27,"column":23}},"18":{"start":{"line":31,"column":0},"end":{"line":40,"column":5}},"19":{"start":{"line":32,"column":4},"end":{"line":39,"column":5}},"20":{"start":{"line":33,"column":38},"end":{"line":33,"column":46}},"21":{"start":{"line":34,"column":21},"end":{"line":34,"column":78}},"22":{"start":{"line":35,"column":24},"end":{"line":35,"column":148}},"23":{"start":{"line":36,"column":8},"end":{"line":36,"column":66}},"24":{"start":{"line":38,"column":8},"end":{"line":38,"column":23}},"25":{"start":{"line":42,"column":2},"end":{"line":53,"column":5}},"26":{"start":{"line":43,"column":4},"end":{"line":52,"column":5}},"27":{"start":{"line":44,"column":25},"end":{"line":44,"column":35}},"28":{"start":{"line":45,"column":38},"end":{"line":45,"column":46}},"29":{"start":{"line":46,"column":24},"end":{"line":46,"column":139}},"30":{"start":{"line":47,"column":8},"end":{"line":48,"column":102}},"31":{"start":{"line":48,"column":12},"end":{"line":48,"column":102}},"32":{"start":{"line":49,"column":8},"end":{"line":49,"column":54}},"33":{"start":{"line":51,"column":8},"end":{"line":51,"column":23}},"34":{"start":{"line":55,"column":2},"end":{"line":66,"column":5}},"35":{"start":{"line":56,"column":4},"end":{"line":65,"column":5}},"36":{"start":{"line":57,"column":25},"end":{"line":57,"column":35}},"37":{"start":{"line":58,"column":23},"end":{"line":58,"column":88}},"38":{"start":{"line":59,"column":8},"end":{"line":60,"column":102}},"39":{"start":{"line":60,"column":12},"end":{"line":60,"column":102}},"40":{"start":{"line":61,"column":24},"end":{"line":61,"column":81}},"41":{"start":{"line":62,"column":8},"end":{"line":62,"column":46}},"42":{"start":{"line":64,"column":8},"end":{"line":64,"column":23}},"43":{"start":{"line":68,"column":0},"end":{"line":68,"column":24}}},"fnMap":{"0":{"name":"(anonymous_0)","decl":{"start":{"line":10,"column":16},"end":{"line":10,"column":17}},"loc":{"start":{"line":10,"column":47},"end":{"line":17,"column":1}},"line":10},"1":{"name":"(anonymous_1)","decl":{"start":{"line":19,"column":21},"end":{"line":19,"column":22}},"loc":{"start":{"line":19,"column":47},"end":{"line":29,"column":1}},"line":19},"2":{"name":"(anonymous_2)","decl":{"start":{"line":31,"column":17},"end":{"line":31,"column":18}},"loc":{"start":{"line":31,"column":43},"end":{"line":40,"column":3}},"line":31},"3":{"name":"(anonymous_3)","decl":{"start":{"line":42,"column":23},"end":{"line":42,"column":24}},"loc":{"start":{"line":42,"column":49},"end":{"line":53,"column":3}},"line":42},"4":{"name":"(anonymous_4)","decl":{"start":{"line":55,"column":26},"end":{"line":55,"column":27}},"loc":{"start":{"line":55,"column":52},"end":{"line":66,"column":3}},"line":55}},"branchMap":{"0":{"loc":{"start":{"line":23,"column":8},"end":{"line":24,"column":101}},"type":"if","locations":[{"start":{"line":23,"column":8},"end":{"line":24,"column":101}},{"start":{},"end":{}}],"line":23},"1":{"loc":{"start":{"line":34,"column":21},"end":{"line":34,"column":78}},"type":"binary-expr","locations":[{"start":{"line":34,"column":21},"end":{"line":34,"column":34}},{"start":{"line":34,"column":38},"end":{"line":34,"column":78}}],"line":34},"2":{"loc":{"start":{"line":47,"column":8},"end":{"line":48,"column":102}},"type":"if","locations":[{"start":{"line":47,"column":8},"end":{"line":48,"column":102}},{"start":{},"end":{}}],"line":47},"3":{"loc":{"start":{"line":59,"column":8},"end":{"line":60,"column":102}},"type":"if","locations":[{"start":{"line":59,"column":8},"end":{"line":60,"column":102}},{"start":{},"end":{}}],"line":59}},"s":{"0":2,"1":2,"2":2,"3":2,"4":2,"5":2,"6":1,"7":1,"8":1,"9":0,"10":2,"11":2,"12":2,"13":2,"14":2,"15":1,"16":1,"17":1,"18":2,"19":1,"20":1,"21":1,"22":1,"23":1,"24":0,"25":2,"26":1,"27":1,"28":1,"29":1,"30":1,"31":0,"32":1,"33":0,"34":2,"35":1,"36":1,"37":1,"38":1,"39":0,"40":1,"41":1,"42":0,"43":2},"f":{"0":1,"1":2,"2":1,"3":1,"4":1},"b":{"0":[1,1],"1":[1,0],"2":[0,1],"3":[0,1]},"_coverageSchema":"1a1c01bbd47fc00a2c39e90264f33305004495a9","hash":"e29023b6d601466ebbd5b0131b44f28b77a8b3dc"}
,"D:\\Springboard\\35 Express and Postgres\\35.1 Node-pg Introduction\\express-biztime\\routes\\invoices.js": {"path":"D:\\Springboard\\35 Express and Postgres\\35.1 Node-pg Introduction\\express-biztime\\routes\\invoices.js","statementMap":{"0":{"start":{"line":3,"column":16},"end":{"line":3,"column":34}},"1":{"start":{"line":4,"column":15},"end":{"line":4,"column":35}},"2":{"start":{"line":6,"column":11},"end":{"line":6,"column":27}},"3":{"start":{"line":7,"column":21},"end":{"line":7,"column":47}},"4":{"start":{"line":10,"column":0},"end":{"line":17,"column":3}},"5":{"start":{"line":11,"column":4},"end":{"line":16,"column":5}},"6":{"start":{"line":12,"column":24},"end":{"line":12,"column":64}},"7":{"start":{"line":13,"column":8},"end":{"line":13,"column":51}},"8":{"start":{"line":15,"column":8},"end":{"line":15,"column":25}},"9":{"start":{"line":19,"column":0},"end":{"line":30,"column":3}},"10":{"start":{"line":20,"column":4},"end":{"line":29,"column":5}},"11":{"start":{"line":21,"column":23},"end":{"line":21,"column":33}},"12":{"start":{"line":22,"column":24},"end":{"line":22,"column":129}},"13":{"start":{"line":23,"column":8},"end":{"line":24,"column":99}},"14":{"start":{"line":24,"column":12},"end":{"line":24,"column":99}},"15":{"start":{"line":25,"column":76},"end":{"line":25,"column":91}},"16":{"start":{"line":26,"column":8},"end":{"line":26,"column":109}},"17":{"start":{"line":28,"column":8},"end":{"line":28,"column":23}},"18":{"start":{"line":32,"column":0},"end":{"line":40,"column":5}},"19":{"start":{"line":33,"column":4},"end":{"line":39,"column":5}},"20":{"start":{"line":34,"column":35},"end":{"line":34,"column":43}},"21":{"start":{"line":35,"column":24},"end":{"line":35,"column":125}},"22":{"start":{"line":36,"column":8},"end":{"line":36,"column":66}},"23":{"start":{"line":38,"column":8},"end":{"line":38,"column":23}},"24":{"start":{"line":42,"column":2},"end":{"line":58,"column":5}},"25":{"start":{"line":43,"column":4},"end":{"line":57,"column":5}},"26":{"start":{"line":45,"column":23},"end":{"line":45,"column":33}},"27":{"start":{"line":46,"column":30},"end":{"line":46,"column":38}},"28":{"start":{"line":47,"column":21},"end":{"line":47,"column":31}},"29":{"start":{"line":48,"column":8},"end":{"line":51,"column":102}},"30":{"start":{"line":49,"column":12},"end":{"line":49,"column":165}},"31":{"start":{"line":51,"column":12},"end":{"line":51,"column":102}},"32":{"start":{"line":52,"column":8},"end":{"line":53,"column":98}},"33":{"start":{"line":53,"column":12},"end":{"line":53,"column":98}},"34":{"start":{"line":54,"column":8},"end":{"line":54,"column":54}},"35":{"start":{"line":56,"column":8},"end":{"line":56,"column":23}},"36":{"start":{"line":60,"column":2},"end":{"line":71,"column":3}},"37":{"start":{"line":61,"column":4},"end":{"line":70,"column":5}},"38":{"start":{"line":62,"column":23},"end":{"line":62,"column":33}},"39":{"start":{"line":63,"column":23},"end":{"line":63,"column":83}},"40":{"start":{"line":64,"column":8},"end":{"line":65,"column":98}},"41":{"start":{"line":65,"column":12},"end":{"line":65,"column":98}},"42":{"start":{"line":66,"column":24},"end":{"line":66,"column":76}},"43":{"start":{"line":67,"column":8},"end":{"line":67,"column":46}},"44":{"start":{"line":69,"column":8},"end":{"line":69,"column":23}},"45":{"start":{"line":73,"column":0},"end":{"line":85,"column":3}},"46":{"start":{"line":74,"column":4},"end":{"line":84,"column":5}},"47":{"start":{"line":75,"column":25},"end":{"line":75,"column":35}},"48":{"start":{"line":76,"column":24},"end":{"line":76,"column":133}},"49":{"start":{"line":77,"column":8},"end":{"line":78,"column":101}},"50":{"start":{"line":78,"column":12},"end":{"line":78,"column":101}},"51":{"start":{"line":79,"column":38},"end":{"line":79,"column":53}},"52":{"start":{"line":80,"column":25},"end":{"line":80,"column":147}},"53":{"start":{"line":80,"column":66},"end":{"line":80,"column":143}},"54":{"start":{"line":81,"column":8},"end":{"line":81,"column":87}},"55":{"start":{"line":83,"column":8},"end":{"line":83,"column":23}},"56":{"start":{"line":87,"column":0},"end":{"line":87,"column":24}}},"fnMap":{"0":{"name":"(anonymous_0)","decl":{"start":{"line":10,"column":16},"end":{"line":10,"column":17}},"loc":{"start":{"line":10,"column":47},"end":{"line":17,"column":1}},"line":10},"1":{"name":"(anonymous_1)","decl":{"start":{"line":19,"column":19},"end":{"line":19,"column":20}},"loc":{"start":{"line":19,"column":45},"end":{"line":30,"column":1}},"line":19},"2":{"name":"(anonymous_2)","decl":{"start":{"line":32,"column":17},"end":{"line":32,"column":18}},"loc":{"start":{"line":32,"column":43},"end":{"line":40,"column":3}},"line":32},"3":{"name":"(anonymous_3)","decl":{"start":{"line":42,"column":21},"end":{"line":42,"column":22}},"loc":{"start":{"line":42,"column":47},"end":{"line":58,"column":3}},"line":42},"4":{"name":"(anonymous_4)","decl":{"start":{"line":60,"column":24},"end":{"line":60,"column":25}},"loc":{"start":{"line":60,"column":50},"end":{"line":71,"column":1}},"line":60},"5":{"name":"(anonymous_5)","decl":{"start":{"line":73,"column":31},"end":{"line":73,"column":32}},"loc":{"start":{"line":73,"column":57},"end":{"line":85,"column":1}},"line":73},"6":{"name":"(anonymous_6)","decl":{"start":{"line":80,"column":60},"end":{"line":80,"column":61}},"loc":{"start":{"line":80,"column":66},"end":{"line":80,"column":143}},"line":80}},"branchMap":{"0":{"loc":{"start":{"line":23,"column":8},"end":{"line":24,"column":99}},"type":"if","locations":[{"start":{"line":23,"column":8},"end":{"line":24,"column":99}},{"start":{},"end":{}}],"line":23},"1":{"loc":{"start":{"line":48,"column":8},"end":{"line":51,"column":102}},"type":"if","locations":[{"start":{"line":48,"column":8},"end":{"line":51,"column":102}},{"start":{"line":51,"column":12},"end":{"line":51,"column":102}}],"line":48},"2":{"loc":{"start":{"line":49,"column":126},"end":{"line":49,"column":158}},"type":"cond-expr","locations":[{"start":{"line":49,"column":133},"end":{"line":49,"column":151}},{"start":{"line":49,"column":154},"end":{"line":49,"column":158}}],"line":49},"3":{"loc":{"start":{"line":52,"column":8},"end":{"line":53,"column":98}},"type":"if","locations":[{"start":{"line":52,"column":8},"end":{"line":53,"column":98}},{"start":{},"end":{}}],"line":52},"4":{"loc":{"start":{"line":64,"column":8},"end":{"line":65,"column":98}},"type":"if","locations":[{"start":{"line":64,"column":8},"end":{"line":65,"column":98}},{"start":{},"end":{}}],"line":64},"5":{"loc":{"start":{"line":77,"column":8},"end":{"line":78,"column":101}},"type":"if","locations":[{"start":{"line":77,"column":8},"end":{"line":78,"column":101}},{"start":{},"end":{}}],"line":77}},"s":{"0":2,"1":2,"2":2,"3":2,"4":2,"5":1,"6":1,"7":1,"8":0,"9":2,"10":2,"11":2,"12":2,"13":2,"14":1,"15":1,"16":1,"17":1,"18":2,"19":1,"20":1,"21":1,"22":1,"23":0,"24":2,"25":2,"26":2,"27":2,"28":2,"29":2,"30":1,"31":1,"32":2,"33":0,"34":2,"35":0,"36":2,"37":1,"38":1,"39":1,"40":1,"41":0,"42":1,"43":1,"44":0,"45":2,"46":2,"47":2,"48":2,"49":2,"50":1,"51":1,"52":1,"53":1,"54":1,"55":1,"56":2},"f":{"0":1,"1":2,"2":1,"3":2,"4":1,"5":2,"6":1},"b":{"0":[1,1],"1":[1,1],"2":[1,0],"3":[0,2],"4":[0,1],"5":[1,1]},"_coverageSchema":"1a1c01bbd47fc00a2c39e90264f33305004495a9","hash":"7b3a204c1b1bf4aa4e64eede26a9c5b773286026"}
}
