TN:
SF:app.js
FN:18,(anonymous_0)
FN:25,(anonymous_1)
FNF:2
FNH:2
FNDA:2,(anonymous_0)
FNDA:5,(anonymous_1)
DA:3,2
DA:4,2
DA:5,2
DA:7,2
DA:9,2
DA:10,2
DA:12,2
DA:13,2
DA:18,2
DA:19,2
DA:20,2
DA:25,2
DA:26,5
DA:28,5
DA:37,2
LF:15
LH:15
BRDA:26,0,0,5
BRDA:26,0,1,0
BRF:2
BRH:1
end_of_record
TN:
SF:db.js
FNF:0
FNH:0
DA:2,2
DA:4,2
DA:8,2
DA:12,2
DA:14,2
LF:5
LH:5
BRDA:4,0,0,2
BRDA:4,0,1,0
BRF:2
BRH:1
end_of_record
TN:
SF:expressError.js
FN:8,(anonymous_0)
FNF:1
FNH:1
FNDA:5,(anonymous_0)
DA:9,5
DA:10,5
DA:11,5
DA:12,5
DA:17,2
LF:5
LH:5
BRF:0
BRH:0
end_of_record
TN:
SF:routes\companies.js
FN:10,(anonymous_0)
FN:19,(anonymous_1)
FN:31,(anonymous_2)
FN:42,(anonymous_3)
FN:55,(anonymous_4)
FNF:5
FNH:5
FNDA:1,(anonymous_0)
FNDA:2,(anonymous_1)
FNDA:1,(anonymous_2)
FNDA:1,(anonymous_3)
FNDA:1,(anonymous_4)
DA:3,2
DA:4,2
DA:5,2
DA:7,2
DA:8,2
DA:10,2
DA:11,1
DA:12,1
DA:13,1
DA:15,0
DA:19,2
DA:20,2
DA:21,2
DA:22,2
DA:23,2
DA:24,1
DA:25,1
DA:27,1
DA:31,2
DA:32,1
DA:33,1
DA:34,1
DA:35,1
DA:36,1
DA:38,0
DA:42,2
DA:43,1
DA:44,1
DA:45,1
DA:46,1
DA:47,1
DA:48,0
DA:49,1
DA:51,0
DA:55,2
DA:56,1
DA:57,1
DA:58,1
DA:59,1
DA:60,0
DA:61,1
DA:62,1
DA:64,0
DA:68,2
LF:44
LH:38
BRDA:23,0,0,1
BRDA:23,0,1,1
BRDA:34,1,0,1
BRDA:34,1,1,0
BRDA:47,2,0,0
BRDA:47,2,1,1
BRDA:59,3,0,0
BRDA:59,3,1,1
BRF:8
BRH:5
end_of_record
TN:
SF:routes\invoices.js
FN:10,(anonymous_0)
FN:19,(anonymous_1)
FN:32,(anonymous_2)
FN:42,(anonymous_3)
FN:60,(anonymous_4)
FN:73,(anonymous_5)
FN:80,(anonymous_6)
FNF:7
FNH:7
FNDA:1,(anonymous_0)
FNDA:2,(anonymous_1)
FNDA:1,(anonymous_2)
FNDA:2,(anonymous_3)
FNDA:1,(anonymous_4)
FNDA:2,(anonymous_5)
FNDA:1,(anonymous_6)
DA:3,2
DA:4,2
DA:6,2
DA:7,2
DA:10,2
DA:11,1
DA:12,1
DA:13,1
DA:15,0
DA:19,2
DA:20,2
DA:21,2
DA:22,2
DA:23,2
DA:24,1
DA:25,1
DA:26,1
DA:28,1
DA:32,2
DA:33,1
DA:34,1
DA:35,1
DA:36,1
DA:38,0
DA:42,2
DA:43,2
DA:45,2
DA:46,2
DA:47,2
DA:48,2
DA:49,1
DA:51,1
DA:52,2
DA:53,0
DA:54,2
DA:56,0
DA:60,2
DA:61,1
DA:62,1
DA:63,1
DA:64,1
DA:65,0
DA:66,1
DA:67,1
DA:69,0
DA:73,2
DA:74,2
DA:75,2
DA:76,2
DA:77,2
DA:78,1
DA:79,1
DA:80,1
DA:81,1
DA:83,1
DA:87,2
LF:56
LH:50
BRDA:23,0,0,1
BRDA:23,0,1,1
BRDA:48,1,0,1
BRDA:48,1,1,1
BRDA:49,2,0,1
BRDA:49,2,1,0
BRDA:52,3,0,0
BRDA:52,3,1,2
BRDA:64,4,0,0
BRDA:64,4,1,1
BRDA:77,5,0,1
BRDA:77,5,1,1
BRF:12
BRH:9
end_of_record
